2026-07-13 09:47:30,016 INFO o.a.j.u.JMeterUtils: Setting Locale to en_EN
2026-07-13 09:47:30,116 INFO o.a.j.JMeter: Loading user properties from: /opt/jmeter/bin/user.properties
2026-07-13 09:47:30,119 INFO o.a.j.JMeter: Loading system properties from: /opt/jmeter/bin/system.properties
2026-07-13 09:47:30,122 INFO o.a.j.JMeter: Loading additional properties from: /tests/config/DEV.properties
2026-07-13 09:47:30,154 INFO o.a.j.JMeter: Copyright (c) 1998-2024 The Apache Software Foundation
2026-07-13 09:47:30,162 INFO o.a.j.JMeter: Version 5.6.3
2026-07-13 09:47:30,164 INFO o.a.j.JMeter: java.version=11.0.31
2026-07-13 09:47:30,166 INFO o.a.j.JMeter: java.vm.name=OpenJDK 64-Bit Server VM
2026-07-13 09:47:30,167 INFO o.a.j.JMeter: os.name=Linux
2026-07-13 09:47:30,168 INFO o.a.j.JMeter: os.arch=amd64
2026-07-13 09:47:30,169 INFO o.a.j.JMeter: os.version=6.18.33.2-microsoft-standard-WSL2
2026-07-13 09:47:30,171 INFO o.a.j.JMeter: file.encoding=UTF-8
2026-07-13 09:47:30,173 INFO o.a.j.JMeter: java.awt.headless=true
2026-07-13 09:47:30,175 INFO o.a.j.JMeter: Max memory     =1073741824
2026-07-13 09:47:30,180 INFO o.a.j.JMeter: Available Processors =4
2026-07-13 09:47:30,212 INFO o.a.j.JMeter: Default Locale=English (EN)
2026-07-13 09:47:30,226 INFO o.a.j.JMeter: JMeter  Locale=English (EN)
2026-07-13 09:47:30,247 INFO o.a.j.JMeter: JMeterHome=/opt/jmeter
2026-07-13 09:47:30,255 INFO o.a.j.JMeter: user.dir  =/tests
2026-07-13 09:47:30,257 INFO o.a.j.JMeter: PWD       =/tests
2026-07-13 09:47:31,363 INFO o.a.j.JMeter: IP: 192.168.65.3 Name: docker-desktop FullName: 192.168.65.3
2026-07-13 09:47:31,447 INFO o.a.j.JMeter: Setting property 'jmeter.reportgenerator.outputdir' to:'/tests/reports'
2026-07-13 09:47:31,475 INFO o.a.j.s.FileServer: Default base='/tests'
2026-07-13 09:47:31,483 INFO o.a.j.s.FileServer: Set new base='/tests/jmeter/testplans'
2026-07-13 09:47:32,082 INFO o.a.j.s.SaveService: Testplan (JMX) version: 2.2. Testlog (JTL) version: 2.2
2026-07-13 09:47:32,130 INFO o.a.j.s.SaveService: Using SaveService properties version 5.0
2026-07-13 09:47:32,136 INFO o.a.j.s.SaveService: Using SaveService properties file encoding UTF-8
2026-07-13 09:47:32,145 INFO o.a.j.s.SaveService: Loading file: /tests/jmeter/testplans/RestfulBooker.jmx
2026-07-13 09:47:32,312 INFO o.a.j.p.h.s.HTTPSamplerBase: Parser for text/html is org.apache.jmeter.protocol.http.parser.LagartoBasedHtmlParser
2026-07-13 09:47:32,313 INFO o.a.j.p.h.s.HTTPSamplerBase: Parser for application/xhtml+xml is org.apache.jmeter.protocol.http.parser.LagartoBasedHtmlParser
2026-07-13 09:47:32,314 INFO o.a.j.p.h.s.HTTPSamplerBase: Parser for application/xml is org.apache.jmeter.protocol.http.parser.LagartoBasedHtmlParser
2026-07-13 09:47:32,315 INFO o.a.j.p.h.s.HTTPSamplerBase: Parser for text/xml is org.apache.jmeter.protocol.http.parser.LagartoBasedHtmlParser
2026-07-13 09:47:32,316 INFO o.a.j.p.h.s.HTTPSamplerBase: Parser for text/vnd.wap.wml is org.apache.jmeter.protocol.http.parser.RegexpHTMLParser
2026-07-13 09:47:32,317 INFO o.a.j.p.h.s.HTTPSamplerBase: Parser for text/css is org.apache.jmeter.protocol.http.parser.CssParser
2026-07-13 09:47:32,363 INFO o.a.j.s.SampleResult: Note: Sample TimeStamps are START times
2026-07-13 09:47:32,364 INFO o.a.j.s.SampleResult: sampleresult.default.encoding is set to UTF-8
2026-07-13 09:47:32,365 INFO o.a.j.s.SampleResult: sampleresult.useNanoTime=true
2026-07-13 09:47:32,366 INFO o.a.j.s.SampleResult: sampleresult.nanoThreadSleep=5000
2026-07-13 09:47:32,402 INFO o.a.j.JMeter: Creating summariser <summary>
2026-07-13 09:47:32,413 INFO o.a.j.r.d.ReportGenerator: ReportGenerator will use for Parsing the separator: ','
2026-07-13 09:47:32,415 INFO o.a.j.r.d.ReportGenerator: Will generate report at end of test from  results file: /tests/results/results.jtl
2026-07-13 09:47:32,416 INFO o.a.j.r.d.ReportGenerator: Reading report generator properties from: /opt/jmeter/bin/reportgenerator.properties
2026-07-13 09:47:32,417 INFO o.a.j.r.d.ReportGenerator: Merging with JMeter properties
2026-07-13 09:47:32,424 INFO o.a.j.r.c.ReportGeneratorConfiguration: Property 'jmeter.reportgenerator.temp_dir' not found, using default value 'temp' instead.
2026-07-13 09:47:32,432 INFO o.a.j.r.c.ReportGeneratorConfiguration: Property 'jmeter.reportgenerator.apdex_per_transaction' not found, using default value 'null' instead.
2026-07-13 09:47:32,433 INFO o.a.j.r.c.ReportGeneratorConfiguration: apdex_per_transaction is empty, not APDEX per transaction customization
2026-07-13 09:47:32,434 INFO o.a.j.r.c.ReportGeneratorConfiguration: Property 'jmeter.reportgenerator.sample_filter' not found, using default value 'null' instead.
2026-07-13 09:47:32,435 INFO o.a.j.r.c.ReportGeneratorConfiguration: Property 'jmeter.reportgenerator.report_title' not found, using default value 'null' instead.
2026-07-13 09:47:32,436 INFO o.a.j.r.c.ReportGeneratorConfiguration: Property 'jmeter.reportgenerator.start_date' not found, using default value 'null' instead.
2026-07-13 09:47:32,437 INFO o.a.j.r.c.ReportGeneratorConfiguration: Property 'jmeter.reportgenerator.end_date' not found, using default value 'null' instead.
2026-07-13 09:47:32,438 INFO o.a.j.r.c.ReportGeneratorConfiguration: Property 'jmeter.reportgenerator.date_format' not found, using default value 'null' instead.
2026-07-13 09:47:32,440 INFO o.a.j.r.c.ReportGeneratorConfiguration: Will use date range start date: null, end date: null
2026-07-13 09:47:32,449 INFO o.a.j.r.c.ReportGeneratorConfiguration: Property 'jmeter.reportgenerator.graph.totalTPS.exclude_controllers' not found, using default value 'false' instead.
2026-07-13 09:47:32,450 INFO o.a.j.r.c.ReportGeneratorConfiguration: Property 'jmeter.reportgenerator.graph.activeThreadsOverTime.exclude_controllers' not found, using default value 'false' instead.
2026-07-13 09:47:32,452 INFO o.a.j.r.c.ReportGeneratorConfiguration: Property 'jmeter.reportgenerator.graph.timeVsThreads.exclude_controllers' not found, using default value 'false' instead.
2026-07-13 09:47:32,453 INFO o.a.j.r.c.ReportGeneratorConfiguration: Property 'jmeter.reportgenerator.graph.responseTimeDistribution.exclude_controllers' not found, using default value 'false' instead.
2026-07-13 09:47:32,454 INFO o.a.j.r.c.ReportGeneratorConfiguration: Property 'jmeter.reportgenerator.graph.transactionsPerSecond.exclude_controllers' not found, using default value 'false' instead.
2026-07-13 09:47:32,455 INFO o.a.j.r.c.ReportGeneratorConfiguration: Property 'jmeter.reportgenerator.graph.responseTimePercentiles.exclude_controllers' not found, using default value 'false' instead.
2026-07-13 09:47:32,456 INFO o.a.j.r.c.ReportGeneratorConfiguration: Property 'jmeter.reportgenerator.graph.responseTimePercentilesOverTime.exclude_controllers' not found, using default value 'false' instead.
2026-07-13 09:47:32,457 INFO o.a.j.r.c.ReportGeneratorConfiguration: Property 'jmeter.reportgenerator.graph.responseTimesOverTime.exclude_controllers' not found, using default value 'false' instead.
2026-07-13 09:47:32,458 INFO o.a.j.r.c.ReportGeneratorConfiguration: Property 'jmeter.reportgenerator.graph.connectTimeOverTime.exclude_controllers' not found, using default value 'false' instead.
2026-07-13 09:47:32,460 INFO o.a.j.r.c.ReportGeneratorConfiguration: Property 'jmeter.reportgenerator.graph.latenciesOverTime.exclude_controllers' not found, using default value 'false' instead.
2026-07-13 09:47:32,464 INFO o.a.j.r.c.ReportGeneratorConfiguration: Property 'jmeter.reportgenerator.exporter.json.filters_only_sample_series' not found, using default value 'true' instead.
2026-07-13 09:47:32,465 INFO o.a.j.r.c.ReportGeneratorConfiguration: Property 'jmeter.reportgenerator.exporter.json.series_filter' not found, using default value '' instead.
2026-07-13 09:47:32,466 INFO o.a.j.r.c.ReportGeneratorConfiguration: Property 'jmeter.reportgenerator.exporter.json.show_controllers_only' not found, using default value 'false' instead.
2026-07-13 09:47:32,472 INFO o.a.j.r.c.ReportGeneratorConfiguration: Property 'jmeter.reportgenerator.exporter.html.filters_only_sample_series' not found, using default value 'true' instead.
2026-07-13 09:47:32,473 INFO o.a.j.r.c.ReportGeneratorConfiguration: Property 'jmeter.reportgenerator.exporter.html.series_filter' not found, using default value '' instead.
2026-07-13 09:47:32,474 INFO o.a.j.r.c.ReportGeneratorConfiguration: Property 'jmeter.reportgenerator.exporter.html.show_controllers_only' not found, using default value 'false' instead.
2026-07-13 09:47:32,499 INFO o.a.j.e.StandardJMeterEngine: Running the test!
2026-07-13 09:47:32,502 INFO o.a.j.s.SampleEvent: List of sample_variables: []
2026-07-13 09:47:32,503 INFO o.a.j.s.SampleEvent: List of sample_variables: []
2026-07-13 09:47:32,536 INFO o.a.j.e.u.CompoundVariable: Note: Function class names must contain the string: '.functions.'
2026-07-13 09:47:32,538 INFO o.a.j.e.u.CompoundVariable: Note: Function class names must not contain the string: '.gui.'
2026-07-13 09:47:33,447 INFO o.a.j.v.b.BackendListener: Backend Listener: Starting worker with class: class org.apache.jmeter.visualizers.backend.influxdb.InfluxdbBackendListenerClient and queue capacity: 5000
2026-07-13 09:47:33,451 INFO o.a.j.v.b.BackendListener: Backend Listener: Started  worker with class: class org.apache.jmeter.visualizers.backend.influxdb.InfluxdbBackendListenerClient
2026-07-13 09:47:33,980 INFO o.a.j.JMeter: Running test (1783936053980)
2026-07-13 09:47:34,043 INFO o.a.j.e.StandardJMeterEngine: Starting ThreadGroup: 1 : Users
2026-07-13 09:47:34,047 INFO o.a.j.e.StandardJMeterEngine: Starting 5 threads for group Users.
2026-07-13 09:47:34,049 INFO o.a.j.e.StandardJMeterEngine: Thread will continue on error
2026-07-13 09:47:34,051 INFO o.a.j.t.ThreadGroup: Starting thread group... number=1 threads=5 ramp-up=5 delayedStart=false
2026-07-13 09:47:34,103 INFO o.a.j.t.ThreadGroup: Started thread group number 1
2026-07-13 09:47:34,105 INFO o.a.j.e.StandardJMeterEngine: All thread groups have been started
2026-07-13 09:47:34,131 INFO o.a.j.t.JMeterThread: Thread started: Users 1-1
2026-07-13 09:47:34,173 INFO o.a.j.p.h.s.HTTPHCAbstractImpl: Local host = docker-desktop
2026-07-13 09:47:34,188 INFO o.a.j.p.h.s.HTTPHC4Impl: HTTP request retry count = 0
2026-07-13 09:47:34,527 INFO o.a.j.p.h.s.h.LazyLayeredConnectionSocketFactory: Setting up HTTPS TrustAll Socket Factory
2026-07-13 09:47:34,538 INFO o.a.j.u.JsseSSLManager: Using default SSL protocol: TLS
2026-07-13 09:47:34,539 INFO o.a.j.u.JsseSSLManager: SSL session context: per-thread
2026-07-13 09:47:34,814 INFO o.a.j.u.SSLManager: JmeterKeyStore Location:  type JKS
2026-07-13 09:47:34,821 INFO o.a.j.u.SSLManager: KeyStore created OK
2026-07-13 09:47:34,823 WARN o.a.j.u.SSLManager: Keystore file not found, loading empty keystore
2026-07-13 09:47:35,118 INFO o.a.j.t.JMeterThread: Thread started: Users 1-2
2026-07-13 09:47:35,870 INFO o.a.j.r.Summariser: summary +      1 in 00:00:02 =    0.5/s Avg:  1521 Min:  1521 Max:  1521 Err:     0 (0.00%) Active: 2 Started: 2 Finished: 0
2026-07-13 09:47:36,108 INFO o.a.j.t.JMeterThread: Thread started: Users 1-3
2026-07-13 09:47:37,100 INFO o.a.j.t.JMeterThread: Thread started: Users 1-4
2026-07-13 09:47:38,095 INFO o.a.j.t.JMeterThread: Thread started: Users 1-5
2026-07-13 09:47:38,673 INFO o.a.j.t.JMeterThread: Thread is done: Users 1-2
2026-07-13 09:47:38,674 INFO o.a.j.t.JMeterThread: Thread finished: Users 1-2
2026-07-13 09:47:38,804 INFO o.a.j.t.JMeterThread: Thread is done: Users 1-1
2026-07-13 09:47:38,805 INFO o.a.j.t.JMeterThread: Thread finished: Users 1-1
2026-07-13 09:47:39,538 INFO o.a.j.t.JMeterThread: Thread is done: Users 1-3
2026-07-13 09:47:39,540 INFO o.a.j.t.JMeterThread: Thread finished: Users 1-3
2026-07-13 09:47:40,497 INFO o.a.j.t.JMeterThread: Thread is done: Users 1-4
2026-07-13 09:47:40,499 INFO o.a.j.t.JMeterThread: Thread finished: Users 1-4
2026-07-13 09:47:41,431 INFO o.a.j.t.JMeterThread: Thread is done: Users 1-5
2026-07-13 09:47:41,435 INFO o.a.j.t.JMeterThread: Thread finished: Users 1-5
2026-07-13 09:47:41,438 INFO o.a.j.e.StandardJMeterEngine: Notifying test listeners of end of test
2026-07-13 09:47:41,440 INFO o.a.j.v.b.BackendListener: Worker ended
2026-07-13 09:47:41,444 INFO o.a.j.v.b.i.InfluxdbBackendListenerClient: Sending last metrics to InfluxDB
2026-07-13 09:47:41,454 INFO o.a.j.v.b.i.HttpMetricsSender: Destroying 
2026-07-13 09:47:41,469 INFO o.a.j.r.Summariser: summary +     24 in 00:00:06 =    4.3/s Avg:   683 Min:     1 Max:  1184 Err:     0 (0.00%) Active: 0 Started: 5 Finished: 5
2026-07-13 09:47:41,470 INFO o.a.j.r.Summariser: summary =     25 in 00:00:07 =    3.3/s Avg:   717 Min:     1 Max:  1521 Err:     0 (0.00%)
2026-07-13 09:47:41,473 INFO o.a.j.JMeter: Generating Dashboard
2026-07-13 09:47:41,475 INFO o.a.j.r.d.ReportGenerator: Flushing result collector before report Generation
2026-07-13 09:47:41,516 INFO o.a.j.r.p.NormalizerSampleConsumer: Using format, 'ms', to parse timeStamp field
2026-07-13 09:47:41,652 INFO o.a.j.r.p.AbstractSampleConsumer: class org.apache.jmeter.report.processor.AggregateConsumer#stopProducing(): beginDate produced 0 samples
2026-07-13 09:47:41,653 INFO o.a.j.r.p.AbstractSampleConsumer: class org.apache.jmeter.report.processor.AggregateConsumer#stopProducing(): endDate produced 0 samples
2026-07-13 09:47:41,659 INFO o.a.j.r.p.AbstractSampleConsumer: class org.apache.jmeter.report.processor.ApdexSummaryConsumer#stopProducing(): apdexSummary produced 0 samples
2026-07-13 09:47:41,663 INFO o.a.j.r.p.AbstractSampleConsumer: class org.apache.jmeter.report.processor.RequestsSummaryConsumer#stopProducing(): requestsSummary produced 0 samples
2026-07-13 09:47:41,665 INFO o.a.j.r.p.AbstractSampleConsumer: class org.apache.jmeter.report.processor.StatisticsSummaryConsumer#stopProducing(): statisticsSummary produced 0 samples
2026-07-13 09:47:41,669 INFO o.a.j.r.p.AbstractSampleConsumer: class org.apache.jmeter.report.processor.Top5ErrorsBySamplerConsumer#stopProducing(): top5ErrorsBySampler produced 0 samples
2026-07-13 09:47:41,671 INFO o.a.j.r.p.AbstractSampleConsumer: class org.apache.jmeter.report.processor.ErrorsSummaryConsumer#stopProducing(): errorsSummary produced 0 samples
2026-07-13 09:47:41,672 INFO o.a.j.r.p.AbstractSampleConsumer: class org.apache.jmeter.report.processor.graph.impl.HitsPerSecondGraphConsumer#stopProducing(): hitsPerSecond produced 0 samples
2026-07-13 09:47:41,717 INFO o.a.j.r.p.AbstractSampleConsumer: class org.apache.jmeter.report.processor.graph.impl.LatencyVSRequestGraphConsumer#stopProducing(): latencyVsRequest produced 0 samples
2026-07-13 09:47:41,718 INFO o.a.j.r.p.AbstractSampleConsumer: class org.apache.jmeter.report.processor.graph.impl.SyntheticResponseTimeDistributionGraphConsumer#stopProducing(): syntheticResponseTimeDistribution produced 0 samples
2026-07-13 09:47:41,720 INFO o.a.j.r.p.AbstractSampleConsumer: class org.apache.jmeter.report.processor.graph.impl.BytesThroughputGraphConsumer#stopProducing(): bytesThroughputOverTime produced 0 samples
2026-07-13 09:47:41,721 INFO o.a.j.r.p.AbstractSampleConsumer: class org.apache.jmeter.report.processor.graph.impl.CodesPerSecondGraphConsumer#stopProducing(): codesPerSecond produced 0 samples
2026-07-13 09:47:41,758 INFO o.a.j.r.p.AbstractSampleConsumer: class org.apache.jmeter.report.processor.graph.impl.ResponseTimeVSRequestGraphConsumer#stopProducing(): responseTimeVsRequest produced 0 samples
2026-07-13 09:47:41,762 INFO o.a.j.r.p.AbstractSampleConsumer: class org.apache.jmeter.report.processor.FilterConsumer#stopProducing(): startIntervalControlerFilter produced 175 samples
2026-07-13 09:47:41,764 INFO o.a.j.r.p.AbstractSampleConsumer: class org.apache.jmeter.report.processor.graph.impl.TotalTPSGraphConsumer#stopProducing(): totalTPS produced 0 samples
2026-07-13 09:47:41,765 INFO o.a.j.r.p.AbstractSampleConsumer: class org.apache.jmeter.report.processor.graph.impl.ActiveThreadsGraphConsumer#stopProducing(): activeThreadsOverTime produced 0 samples
2026-07-13 09:47:41,766 INFO o.a.j.r.p.AbstractSampleConsumer: class org.apache.jmeter.report.processor.graph.impl.TimeVSThreadGraphConsumer#stopProducing(): timeVsThreads produced 0 samples
2026-07-13 09:47:41,768 INFO o.a.j.r.p.AbstractSampleConsumer: class org.apache.jmeter.report.processor.graph.impl.ResponseTimeDistributionGraphConsumer#stopProducing(): responseTimeDistribution produced 0 samples
2026-07-13 09:47:41,769 INFO o.a.j.r.p.AbstractSampleConsumer: class org.apache.jmeter.report.processor.graph.impl.TransactionsPerSecondGraphConsumer#stopProducing(): transactionsPerSecond produced 0 samples
2026-07-13 09:47:41,770 INFO o.a.j.r.p.AbstractSampleConsumer: class org.apache.jmeter.report.processor.graph.impl.ResponseTimePercentilesGraphConsumer#stopProducing(): responseTimePercentiles produced 0 samples
2026-07-13 09:47:41,774 INFO o.a.j.r.p.AbstractSampleConsumer: class org.apache.jmeter.report.processor.graph.impl.ResponseTimePercentilesOverTimeGraphConsumer#stopProducing(): responseTimePercentilesOverTime produced 0 samples
2026-07-13 09:47:41,776 INFO o.a.j.r.p.AbstractSampleConsumer: class org.apache.jmeter.report.processor.graph.impl.ResponseTimeOverTimeGraphConsumer#stopProducing(): responseTimesOverTime produced 0 samples
2026-07-13 09:47:41,779 INFO o.a.j.r.p.AbstractSampleConsumer: class org.apache.jmeter.report.processor.graph.impl.ConnectTimeOverTimeGraphConsumer#stopProducing(): connectTimeOverTime produced 0 samples
2026-07-13 09:47:41,780 INFO o.a.j.r.p.AbstractSampleConsumer: class org.apache.jmeter.report.processor.graph.impl.LatencyOverTimeGraphConsumer#stopProducing(): latenciesOverTime produced 0 samples
2026-07-13 09:47:41,781 INFO o.a.j.r.p.AbstractSampleConsumer: class org.apache.jmeter.report.processor.FilterConsumer#stopProducing(): nameFilter produced 375 samples
2026-07-13 09:47:41,782 INFO o.a.j.r.p.AbstractSampleConsumer: class org.apache.jmeter.report.processor.FilterConsumer#stopProducing(): dateRangeFilter produced 75 samples
2026-07-13 09:47:41,783 INFO o.a.j.r.p.AbstractSampleConsumer: class org.apache.jmeter.report.processor.NormalizerSampleConsumer#stopProducing(): normalizer produced 25 samples
2026-07-13 09:47:41,785 INFO o.a.j.r.p.CsvFileSampleSource: produce(): 25 samples produced in 212ms on channel 0
2026-07-13 09:47:41,787 INFO o.a.j.r.d.ReportGenerator: Exporting data using exporter:'json' of className:'org.apache.jmeter.report.dashboard.JsonExporter'
2026-07-13 09:47:41,951 INFO o.a.j.r.d.JsonExporter: Found data for consumer statisticsSummary in context
2026-07-13 09:47:41,952 INFO o.a.j.r.d.JsonExporter: Creating statistics for overall
2026-07-13 09:47:41,954 INFO o.a.j.r.d.JsonExporter: Creating statistics for other transactions
2026-07-13 09:47:41,956 INFO o.a.j.r.d.JsonExporter: Checking output folder
2026-07-13 09:47:41,968 INFO o.a.j.r.d.JsonExporter: Writing statistics JSON to /tests/reports/statistics.json
2026-07-13 09:47:42,068 INFO o.a.j.r.d.ReportGenerator: Exporting data using exporter:'html' of className:'org.apache.jmeter.report.dashboard.HtmlTemplateExporter'
2026-07-13 09:47:42,085 INFO o.a.j.r.d.HtmlTemplateExporter: Will generate dashboard in folder: /tests/reports
2026-07-13 09:47:42,424 INFO o.a.j.r.d.HtmlTemplateExporter: Report will be generated in: /tests/reports, creating folder structure
2026-07-13 09:47:42,435 INFO o.a.j.r.d.TemplateVisitor: Copying folder from '/opt/jmeter/bin/report-template' to '/tests/reports', got message: /tests/reports, found non empty folder with following content [/tests/reports/statistics.json], will be ignored
2026-07-13 09:47:44,793 INFO o.a.j.JMeter: Dashboard generated
